Hint: used config file '/opt/nim/config/nim.cfg' [Conf]
Hint: used config file '/opt/nim/config/config.nims' [Conf]
....................................................................................................................................................................
/home/yy/rpn_calc_project/docs/rpn_manual.nim(3, 11) Warning: imported and not used: 'strformat' [UnusedImport]
CC: ../../../../opt/nim/lib/pure/strutils.nim
CC: ../../../../opt/nim/lib/pure/os.nim
CC: ../../../../opt/nim/lib/pure/collections/tables.nim
CC: ../../.nimble/pkgs/mustache-0.4.3/mustachepkg/values.nim
CC: ../../.nimble/pkgs/nimib-0.3.12/nimib/logging.nim
CC: ../../../../opt/nim/lib/pure/browsers.nim
CC: ../../.nimble/pkgs/nimib-0.3.12/nimib/jsutils.nim
CC: ../../.nimble/pkgs/nimib-0.3.12/nimib/renders.nim
CC: ../../.nimble/pkgs/nimib-0.3.12/nimib/docs.nim
CC: rpn_manual.nim
Hint:  [Link]
Hint: gc: refc; opt: none (DEBUG BUILD, `-d:release` generates faster code)
112865 lines; 11.979s; 180.066MiB peakmem; proj: /home/yy/rpn_calc_project/docs/rpn_manual.nim; out: /home/yy/rpn_calc_project/docs/rpn_manual [SuccessX]
Hint: /home/yy/rpn_calc_project/docs/rpn_manual  [Exec]
[nimib] using default config
[nimib] srcDir: /home/yy/rpn_calc_project/docs
[nimib] filename: ./rpn_manual.html
[nimib] setting current directory to nb.homeDir: /home/yy/rpn_calc_project/docs
[nimib] 0 nbText: 
     -> <!DOCTYPE ht...
[nimib] 1 nbText: 
     ->     <div cla...
[nimib] 2 nbText: 
     ->     <div cla...
[nimib] 3 nbText: 
     ->     <div cla...
[nimib] 4 nbText: 
     ->     <div cla...
[nimib] 5 nbText: 
     ->     <div cla...
[nimib] 6 nbText: 
     ->     <div cla...
[nimib] current directory: /home/yy/rpn_calc_project/docs
[nimib] saving file: ./rpn_manual.html
